{
  "RSpec": {
    "coverage": {
      "/Users/davis/Desktop/Repositories/Big_project/init.rb": {
        "lines": [
          null,
          null,
          1,
          null,
          2,
          null
        ]
      },
      "/Users/davis/Desktop/Repositories/Big_project/config/init.rb": {
        "lines": [
          null,
          null,
          1
        ]
      },
      "/Users/davis/Desktop/Repositories/Big_project/config/environment.rb": {
        "lines": [
          null,
          null,
          1,
          1,
          1,
          null,
          1,
          null,
          1,
          1,
          null,
          1,
          1,
          1,
          null,
          1,
          1,
          null,
          null,
          1,
          null,
          null,
          null,
          1,
          1,
          null,
          1,
          1,
          5,
          null,
          null,
          null,
          null
        ]
      },
      "/Users/davis/Desktop/Repositories/Big_project/app/init.rb": {
        "lines": [
          null,
          null,
          1,
          1,
          3,
          null
        ]
      },
      "/Users/davis/Desktop/Repositories/Big_project/app/domain/init.rb": {
        "lines": [
          null,
          null,
          1,
          1,
          1,
          null
        ]
      },
      "/Users/davis/Desktop/Repositories/Big_project/app/domain/event_session/init.rb": {
        "lines": [
          null,
          null,
          1,
          null,
          4,
          null
        ]
      },
      "/Users/davis/Desktop/Repositories/Big_project/app/domain/event_session/lib/init.rb": {
        "lines": [
          null,
          null,
          1,
          2,
          null
        ]
      },
      "/Users/davis/Desktop/Repositories/Big_project/app/domain/event_session/lib/time_to_datetime.rb": {
        "lines": [
          null,
          null,
          1,
          null,
          1,
          null,
          1,
          null,
          1,
          406,
          406,
          null,
          null,
          null
        ]
      },
      "/Users/davis/Desktop/Repositories/Big_project/app/domain/event_session/entities/init.rb": {
        "lines": [
          null,
          null,
          1,
          1,
          null,
          null,
          1,
          1,
          1
        ]
      },
      "/Users/davis/Desktop/Repositories/Big_project/app/domain/event_session/entities/session.rb": {
        "lines": [
          null,
          null,
          1,
          1,
          null,
          1,
          1,
          null,
          1,
          1,
          null,
          1,
          1,
          1,
          1,
          1,
          1,
          1,
          null,
          1,
          141,
          null,
          null,
          1,
          8,
          null,
          null,
          1,
          null,
          28,
          null,
          null,
          1,
          112,
          null,
          null,
          null,
          null
        ]
      },
      "/Users/davis/Desktop/Repositories/Big_project/app/domain/event_session/entities/event.rb": {
        "lines": [
          null,
          null,
          1,
          1,
          null,
          1,
          1,
          null,
          1,
          1,
          1,
          1,
          1,
          1,
          1,
          1,
          null,
          1,
          null,
          null,
          null,
          1197,
          null,
          null,
          1,
          8,
          null,
          null,
          1,
          16,
          null,
          28,
          null,
          null,
          1,
          176,
          64,
          null,
          8,
          null,
          null,
          null,
          null
        ]
      },
      "/Users/davis/Desktop/Repositories/Big_project/app/domain/event_session/entities/future_events.rb": {
        "lines": [
          null,
          null,
          1,
          null,
          1,
          1,
          null,
          1,
          1,
          2,
          2,
          2,
          null,
          null,
          1,
          8,
          64,
          null,
          null,
          null,
          1,
          2,
          null,
          16,
          null,
          null,
          null,
          null,
          null,
          null,
          null
        ]
      },
      "/Users/davis/Desktop/Repositories/Big_project/app/domain/event_session/mappers/init.rb": {
        "lines": [
          null,
          null,
          1,
          2,
          null
        ]
      },
      "/Users/davis/Desktop/Repositories/Big_project/app/domain/event_session/mappers/music_event_mapper.rb": {
        "lines": [
          null,
          null,
          1,
          null,
          1,
          null,
          1,
          1,
          8,
          8,
          null,
          null,
          1,
          8,
          null,
          null,
          1,
          null,
          1,
          8,
          176,
          null,
          null,
          null,
          null,
          1,
          1,
          176,
          null,
          null,
          1,
          176,
          null,
          null,
          null,
          null,
          null,
          null,
          null,
          null,
          null,
          null,
          null,
          1,
          null,
          1,
          176,
          null,
          null,
          1,
          176,
          null,
          null,
          1,
          176,
          null,
          null,
          1,
          0,
          null,
          null,
          1,
          176,
          null,
          null,
          1,
          176,
          null,
          null,
          1,
          176,
          null,
          null,
          1,
          176,
          224,
          null,
          null,
          null,
          null,
          null,
          1,
          1,
          224,
          null,
          null,
          1,
          224,
          null,
          null,
          null,
          null,
          null,
          null,
          null,
          null,
          null,
          null,
          1,
          224,
          null,
          null,
          1,
          224,
          null,
          null,
          1,
          224,
          null,
          null,
          1,
          224,
          null,
          null,
          1,
          224,
          null,
          null,
          null,
          null
        ]
      },
      "/Users/davis/Desktop/Repositories/Big_project/app/domain/event_session/repositories/init.rb": {
        "lines": [
          null,
          null,
          1,
          1,
          1
        ]
      },
      "/Users/davis/Desktop/Repositories/Big_project/app/domain/event_session/repositories/sessions.rb": {
        "lines": [
          null,
          null,
          1,
          1,
          null,
          1,
          1,
          null,
          110,
          null,
          110,
          140,
          140,
          140,
          null,
          null,
          null,
          null,
          null,
          1,
          1,
          149,
          null,
          149,
          203,
          null,
          null,
          null,
          1,
          203,
          null,
          null,
          null,
          null,
          null,
          null,
          null,
          null,
          null,
          null,
          null,
          null,
          null,
          null,
          null
        ]
      },
      "/Users/davis/Desktop/Repositories/Big_project/app/domain/event_session/repositories/events.rb": {
        "lines": [
          null,
          null,
          1,
          null,
          1,
          1,
          null,
          1,
          1,
          2,
          18,
          null,
          2,
          null,
          null,
          1,
          null,
          null,
          null,
          null,
          null,
          null,
          null,
          null,
          null,
          null,
          null,
          2,
          null,
          2,
          null,
          null,
          null,
          null,
          null,
          null,
          1,
          0,
          null,
          null,
          1,
          127,
          null,
          null,
          1,
          6,
          null,
          6,
          132,
          null,
          null,
          null,
          1,
          132,
          null,
          132,
          null,
          132,
          null,
          null,
          null,
          110,
          110,
          null,
          null,
          null,
          null,
          1,
          1,
          2,
          null,
          null,
          null,
          null,
          1,
          1,
          0,
          null,
          0,
          0,
          null,
          null,
          null,
          1,
          149,
          null,
          null,
          null,
          null,
          null,
          null,
          null,
          null,
          null,
          null,
          null,
          null,
          null
        ]
      },
      "/Users/davis/Desktop/Repositories/Big_project/app/domain/event_session/repositories/for.rb": {
        "lines": [
          null,
          null,
          1,
          1,
          null,
          1,
          null,
          1,
          null,
          null,
          null,
          1,
          0,
          null,
          null,
          1,
          7,
          null,
          null,
          null,
          null
        ]
      },
      "/Users/davis/Desktop/Repositories/Big_project/app/infrastructure/init.rb": {
        "lines": [
          null,
          null,
          1,
          1,
          2,
          null
        ]
      },
      "/Users/davis/Desktop/Repositories/Big_project/app/infrastructure/database/init.rb": {
        "lines": [
          null,
          null,
          1,
          1,
          1,
          null
        ]
      },
      "/Users/davis/Desktop/Repositories/Big_project/app/infrastructure/database/orms/init.rb": {
        "lines": [
          null,
          null,
          1,
          3,
          null
        ]
      },
      "/Users/davis/Desktop/Repositories/Big_project/app/infrastructure/database/orms/event_orm.rb": {
        "lines": [
          null,
          null,
          1,
          null,
          1,
          1,
          null,
          1,
          1,
          null,
          null,
          null,
          null,
          null,
          1,
          null,
          1,
          132,
          null,
          null,
          null,
          null
        ]
      },
      "/Users/davis/Desktop/Repositories/Big_project/app/infrastructure/database/orms/session_orm.rb": {
        "lines": [
          null,
          null,
          1,
          null,
          1,
          1,
          null,
          1,
          1,
          null,
          null,
          null,
          null,
          null,
          1,
          null,
          null,
          null
        ]
      },
      "/Users/davis/Desktop/Repositories/Big_project/app/infrastructure/gateways/init.rb": {
        "lines": [
          null,
          null,
          1,
          2,
          null
        ]
      },
      "/Users/davis/Desktop/Repositories/Big_project/app/infrastructure/gateways/api.rb": {
        "lines": [
          null,
          null,
          1,
          1,
          null,
          1,
          null,
          1,
          1,
          null,
          1,
          null,
          null,
          1,
          null,
          null,
          1,
          null,
          null,
          1,
          11,
          11,
          11,
          null,
          null,
          1,
          11,
          null,
          null,
          null,
          null,
          1,
          1,
          9,
          null,
          null,
          1,
          9,
          null,
          null,
          null
        ]
      },
      "/Users/davis/Desktop/Repositories/Big_project/app/controllers/init.rb": {
        "lines": [
          null,
          null,
          1,
          2,
          null,
          null,
          1,
          1,
          1,
          null
        ]
      },
      "/Users/davis/Desktop/Repositories/Big_project/app/controllers/app.rb": {
        "lines": [
          null,
          null,
          1,
          1,
          1,
          null,
          null,
          1,
          null,
          1,
          1,
          1,
          null,
          null,
          1,
          1,
          null,
          1,
          null,
          1,
          0,
          0,
          0,
          null,
          0,
          0,
          0,
          0,
          null,
          null,
          0,
          0,
          0,
          0,
          0,
          0,
          null,
          null,
          null,
          null,
          null,
          null
        ]
      },
      "/Users/davis/Desktop/Repositories/Big_project/app/controllers/routes/init.rb": {
        "lines": [
          null,
          null,
          1,
          2,
          null
        ]
      },
      "/Users/davis/Desktop/Repositories/Big_project/app/controllers/routes/api_route.rb": {
        "lines": [
          null,
          null,
          1,
          1,
          null,
          1,
          null,
          1,
          1,
          0,
          0,
          0,
          0,
          0,
          0,
          0,
          0,
          null,
          null,
          null,
          0,
          0,
          0,
          0,
          0,
          null,
          null,
          0,
          0,
          0,
          null,
          null,
          null,
          0,
          0,
          null,
          null,
          null,
          null,
          null
        ]
      },
      "/Users/davis/Desktop/Repositories/Big_project/spec/helpers/vcr_helper.rb": {
        "lines": [
          null,
          null,
          1,
          1,
          null,
          null,
          1,
          1,
          1,
          null,
          1,
          3,
          3,
          3,
          null,
          null,
          null,
          null,
          1,
          11,
          null,
          null,
          1,
          11,
          null,
          null
        ]
      },
      "/Users/davis/Desktop/Repositories/Big_project/spec/helpers/database_helper.rb": {
        "lines": [
          null,
          null,
          1,
          null,
          null,
          1,
          1,
          3,
          3,
          3,
          null,
          null,
          1,
          5,
          5,
          5,
          5,
          null,
          null
        ]
      },
      "/Users/davis/Desktop/Repositories/Big_project/spec/gateway_database_spec.rb": {
        "lines": [
          null,
          null,
          1,
          null,
          1,
          1,
          1,
          null,
          1,
          5,
          null,
          null,
          1,
          5,
          null,
          null,
          1,
          1,
          5,
          5,
          null,
          null,
          1,
          1,
          1,
          null,
          null,
          1,
          22,
          22,
          22,
          22,
          22,
          22,
          22,
          22,
          null,
          22,
          28,
          28,
          28,
          28,
          28,
          28,
          28,
          28,
          null,
          null,
          null,
          null,
          1,
          1,
          1,
          null,
          1,
          1,
          22,
          28,
          28,
          28,
          28,
          28,
          28,
          28,
          null,
          null,
          null,
          null,
          1,
          1,
          1,
          null,
          1,
          1,
          1,
          1,
          1,
          1,
          1,
          null,
          null,
          1,
          1,
          1,
          null,
          1,
          null,
          null,
          1,
          8,
          null,
          null,
          null,
          1,
          7,
          null,
          null,
          null,
          1,
          1,
          1,
          1,
          null,
          1,
          8,
          null,
          8,
          8,
          8,
          8,
          null,
          null,
          null,
          null,
          null,
          null
        ]
      },
      "/Users/davis/Desktop/Repositories/Big_project/spec/gateway_spec.rb": {
        "lines": [
          null,
          null,
          1,
          null,
          null,
          1,
          1,
          1,
          null,
          1,
          3,
          null,
          null,
          1,
          3,
          null,
          null,
          1,
          1,
          1,
          1,
          null,
          null,
          null,
          null,
          1,
          1,
          1,
          1,
          null,
          null,
          null,
          1,
          1,
          1,
          null,
          null,
          null,
          null,
          null
        ]
      },
      "/Users/davis/Desktop/Repositories/Big_project/spec/mappers_spec.rb": {
        "lines": [
          null,
          null,
          1,
          null,
          null,
          1,
          1,
          1,
          null,
          1,
          3,
          null,
          null,
          1,
          3,
          null,
          null,
          1,
          1,
          3,
          null,
          null,
          1,
          1,
          null,
          null,
          1,
          1,
          22,
          null,
          null,
          null,
          1,
          1,
          22,
          28,
          null,
          null,
          null,
          null,
          null,
          null
        ]
      }
    },
    "timestamp": 1605411325
  }
}
