{
  "RSpec": {
    "coverage": {
      "/Users/davis/Desktop/Repositories/Indie-Land-api/init.rb": {
        "lines": [
          null,
          null,
          1,
          null,
          3,
          null
        ]
      },
      "/Users/davis/Desktop/Repositories/Indie-Land-api/utils/init.rb": {
        "lines": [
          null,
          null,
          1
        ]
      },
      "/Users/davis/Desktop/Repositories/Indie-Land-api/utils/logger.rb": {
        "lines": [
          null,
          null,
          1,
          1,
          null,
          1,
          null,
          1,
          1,
          null,
          1,
          1,
          1,
          null,
          null,
          1,
          3,
          null,
          null,
          null
        ]
      },
      "/Users/davis/Desktop/Repositories/Indie-Land-api/config/init.rb": {
        "lines": [
          null,
          null,
          1
        ]
      },
      "/Users/davis/Desktop/Repositories/Indie-Land-api/config/environment.rb": {
        "lines": [
          null,
          null,
          1,
          1,
          1,
          1,
          null,
          1,
          null,
          1,
          1,
          null,
          1,
          1,
          1,
          null,
          1,
          null,
          1,
          1,
          null,
          null,
          1,
          0,
          0,
          0,
          null,
          null,
          1,
          null,
          null,
          null,
          1,
          1,
          null,
          1,
          1,
          8,
          null,
          null,
          null,
          null
        ]
      },
      "/Users/davis/Desktop/Repositories/Indie-Land-api/app/init.rb": {
        "lines": [
          null,
          null,
          1,
          1,
          4,
          null
        ]
      },
      "/Users/davis/Desktop/Repositories/Indie-Land-api/app/domain/init.rb": {
        "lines": [
          null,
          null,
          1,
          1,
          2,
          null
        ]
      },
      "/Users/davis/Desktop/Repositories/Indie-Land-api/app/domain/event_session/init.rb": {
        "lines": [
          null,
          null,
          1,
          null,
          4,
          null
        ]
      },
      "/Users/davis/Desktop/Repositories/Indie-Land-api/app/domain/event_session/lib/init.rb": {
        "lines": [
          null,
          null,
          1,
          2,
          null
        ]
      },
      "/Users/davis/Desktop/Repositories/Indie-Land-api/app/domain/event_session/lib/time_to_datetime.rb": {
        "lines": [
          null,
          null,
          1,
          null,
          1,
          null,
          1,
          null,
          1,
          614,
          614,
          null,
          null,
          null
        ]
      },
      "/Users/davis/Desktop/Repositories/Indie-Land-api/app/domain/event_session/entities/init.rb": {
        "lines": [
          null,
          null,
          1,
          1,
          null,
          null,
          1,
          1,
          1
        ]
      },
      "/Users/davis/Desktop/Repositories/Indie-Land-api/app/domain/event_session/entities/session.rb": {
        "lines": [
          null,
          null,
          1,
          1,
          null,
          1,
          1,
          null,
          1,
          1,
          null,
          1,
          1,
          1,
          1,
          1,
          1,
          1,
          null,
          1,
          197,
          null,
          null,
          1,
          15,
          null,
          null,
          1,
          null,
          18,
          null,
          null,
          1,
          45,
          null,
          null,
          null,
          null
        ]
      },
      "/Users/davis/Desktop/Repositories/Indie-Land-api/app/domain/event_session/entities/event.rb": {
        "lines": [
          null,
          null,
          1,
          1,
          null,
          1,
          1,
          null,
          1,
          1,
          null,
          1,
          1,
          1,
          1,
          1,
          1,
          1,
          1,
          null,
          1,
          null,
          null,
          null,
          1989,
          null,
          null,
          1,
          15,
          null,
          null,
          1,
          18,
          null,
          18,
          null,
          null,
          1,
          90,
          45,
          null,
          15,
          null,
          null,
          null,
          null
        ]
      },
      "/Users/davis/Desktop/Repositories/Indie-Land-api/app/domain/event_session/entities/future_events.rb": {
        "lines": [
          null,
          null,
          1,
          null,
          1,
          1,
          null,
          1,
          1,
          6,
          6,
          6,
          null,
          null,
          1,
          15,
          45,
          null,
          null,
          null,
          1,
          6,
          null,
          18,
          null,
          null,
          null,
          null,
          null,
          null,
          null
        ]
      },
      "/Users/davis/Desktop/Repositories/Indie-Land-api/app/domain/event_session/mappers/init.rb": {
        "lines": [
          null,
          null,
          1,
          2,
          null
        ]
      },
      "/Users/davis/Desktop/Repositories/Indie-Land-api/app/domain/event_session/mappers/music_event_mapper.rb": {
        "lines": [
          null,
          null,
          1,
          null,
          1,
          1,
          null,
          1,
          1,
          12,
          12,
          null,
          null,
          1,
          12,
          null,
          null,
          1,
          null,
          1,
          12,
          264,
          null,
          null,
          null,
          null,
          1,
          1,
          264,
          null,
          null,
          1,
          264,
          null,
          null,
          null,
          null,
          null,
          null,
          null,
          null,
          null,
          null,
          null,
          1,
          null,
          1,
          264,
          null,
          null,
          1,
          264,
          null,
          null,
          1,
          264,
          null,
          null,
          1,
          0,
          null,
          null,
          1,
          264,
          null,
          null,
          1,
          264,
          null,
          null,
          1,
          264,
          null,
          null,
          1,
          264,
          336,
          null,
          null,
          null,
          null,
          null,
          1,
          1,
          336,
          null,
          null,
          1,
          336,
          null,
          null,
          null,
          null,
          null,
          null,
          null,
          null,
          null,
          null,
          1,
          336,
          null,
          null,
          1,
          336,
          null,
          null,
          1,
          336,
          null,
          null,
          1,
          336,
          null,
          null,
          1,
          336,
          null,
          null,
          null,
          null,
          null
        ]
      },
      "/Users/davis/Desktop/Repositories/Indie-Land-api/app/domain/event_session/repositories/init.rb": {
        "lines": [
          null,
          null,
          1,
          1,
          1
        ]
      },
      "/Users/davis/Desktop/Repositories/Indie-Land-api/app/domain/event_session/repositories/sessions.rb": {
        "lines": [
          null,
          null,
          1,
          1,
          null,
          1,
          1,
          null,
          154,
          null,
          154,
          196,
          196,
          196,
          null,
          null,
          null,
          null,
          null,
          1,
          1,
          241,
          null,
          241,
          307,
          null,
          null,
          null,
          1,
          307,
          null,
          null,
          null,
          null,
          null,
          null,
          null,
          null,
          null,
          null,
          null,
          null,
          null,
          null,
          null
        ]
      },
      "/Users/davis/Desktop/Repositories/Indie-Land-api/app/domain/event_session/repositories/events.rb": {
        "lines": [
          null,
          null,
          1,
          null,
          1,
          1,
          null,
          1,
          1,
          6,
          24,
          null,
          6,
          null,
          null,
          1,
          null,
          null,
          null,
          null,
          null,
          null,
          null,
          null,
          null,
          null,
          null,
          6,
          null,
          6,
          null,
          null,
          null,
          null,
          null,
          null,
          1,
          0,
          null,
          null,
          1,
          175,
          null,
          null,
          1,
          10,
          null,
          10,
          220,
          null,
          null,
          null,
          1,
          220,
          null,
          220,
          null,
          220,
          null,
          null,
          null,
          154,
          154,
          null,
          null,
          null,
          null,
          1,
          1,
          6,
          null,
          null,
          null,
          null,
          1,
          1,
          0,
          null,
          0,
          0,
          null,
          null,
          null,
          1,
          241,
          null,
          null,
          null,
          null,
          null,
          null,
          null,
          null,
          null,
          null,
          null,
          null,
          null
        ]
      },
      "/Users/davis/Desktop/Repositories/Indie-Land-api/app/domain/event_session/repositories/for.rb": {
        "lines": [
          null,
          null,
          1,
          1,
          null,
          1,
          null,
          1,
          null,
          null,
          null,
          1,
          0,
          null,
          null,
          1,
          11,
          null,
          null,
          null,
          null
        ]
      },
      "/Users/davis/Desktop/Repositories/Indie-Land-api/app/domain/user/init.rb": {
        "lines": [
          null,
          null,
          1,
          null,
          2,
          null
        ]
      },
      "/Users/davis/Desktop/Repositories/Indie-Land-api/app/domain/user/entities/init.rb": {
        "lines": [
          null,
          null,
          null,
          1,
          1
        ]
      },
      "/Users/davis/Desktop/Repositories/Indie-Land-api/app/domain/user/entities/user.rb": {
        "lines": [
          null,
          null,
          1,
          1,
          null,
          1,
          1,
          null,
          1,
          1,
          null,
          1,
          1,
          null,
          1,
          0,
          null,
          null,
          null,
          null
        ]
      },
      "/Users/davis/Desktop/Repositories/Indie-Land-api/app/domain/user/entities/user_manager.rb": {
        "lines": [
          null,
          null,
          1,
          1,
          1,
          null,
          1,
          1,
          null,
          null,
          1,
          1,
          null,
          1,
          null,
          1,
          1,
          null,
          null,
          1,
          4,
          4,
          null,
          4,
          null,
          null,
          1,
          2,
          null,
          null,
          1,
          1,
          1,
          null,
          null,
          null,
          null,
          null,
          1,
          2,
          null,
          null,
          null,
          null
        ]
      },
      "/Users/davis/Desktop/Repositories/Indie-Land-api/app/domain/user/repositories/init.rb": {
        "lines": [
          null,
          null,
          1
        ]
      },
      "/Users/davis/Desktop/Repositories/Indie-Land-api/app/domain/user/repositories/users.rb": {
        "lines": [
          null,
          null,
          1,
          1,
          null,
          1,
          1,
          0,
          null,
          null,
          null,
          null
        ]
      },
      "/Users/davis/Desktop/Repositories/Indie-Land-api/app/infrastructure/init.rb": {
        "lines": [
          null,
          null,
          1,
          1,
          2,
          null
        ]
      },
      "/Users/davis/Desktop/Repositories/Indie-Land-api/app/infrastructure/database/init.rb": {
        "lines": [
          null,
          null,
          1,
          1,
          1,
          null
        ]
      },
      "/Users/davis/Desktop/Repositories/Indie-Land-api/app/infrastructure/database/orms/init.rb": {
        "lines": [
          null,
          null,
          1,
          3,
          null
        ]
      },
      "/Users/davis/Desktop/Repositories/Indie-Land-api/app/infrastructure/database/orms/event_orm.rb": {
        "lines": [
          null,
          null,
          1,
          null,
          1,
          1,
          null,
          1,
          1,
          null,
          null,
          null,
          null,
          null,
          1,
          null,
          1,
          220,
          null,
          null,
          null,
          null
        ]
      },
      "/Users/davis/Desktop/Repositories/Indie-Land-api/app/infrastructure/database/orms/session_orm.rb": {
        "lines": [
          null,
          null,
          1,
          null,
          1,
          1,
          null,
          1,
          1,
          null,
          null,
          null,
          null,
          null,
          1,
          null,
          null,
          null
        ]
      },
      "/Users/davis/Desktop/Repositories/Indie-Land-api/app/infrastructure/gateways/init.rb": {
        "lines": [
          null,
          null,
          1,
          2,
          null
        ]
      },
      "/Users/davis/Desktop/Repositories/Indie-Land-api/app/infrastructure/gateways/api.rb": {
        "lines": [
          null,
          null,
          1,
          1,
          null,
          1,
          1,
          null,
          1,
          1,
          null,
          1,
          null,
          null,
          1,
          null,
          null,
          1,
          null,
          null,
          1,
          15,
          15,
          15,
          null,
          null,
          1,
          15,
          null,
          null,
          null,
          null,
          1,
          1,
          13,
          null,
          null,
          1,
          13,
          null,
          null,
          null,
          null
        ]
      },
      "/Users/davis/Desktop/Repositories/Indie-Land-api/app/presentation/init.rb": {
        "lines": [
          null,
          null,
          1,
          1,
          2,
          null
        ]
      },
      "/Users/davis/Desktop/Repositories/Indie-Land-api/app/presentation/responses/init.rb": {
        "lines": [
          null,
          null,
          1,
          8,
          null
        ]
      },
      "/Users/davis/Desktop/Repositories/Indie-Land-api/app/presentation/responses/api_result.rb": {
        "lines": [
          null,
          null,
          1,
          1,
          1,
          null,
          null,
          null,
          1,
          null,
          null,
          null,
          null,
          1,
          null,
          null,
          1,
          1,
          7,
          null,
          7,
          null,
          null,
          null,
          null
        ]
      },
      "/Users/davis/Desktop/Repositories/Indie-Land-api/app/presentation/responses/daily_events.rb": {
        "lines": [
          null,
          null,
          1,
          1,
          null,
          1,
          null,
          null
        ]
      },
      "/Users/davis/Desktop/Repositories/Indie-Land-api/app/presentation/responses/event.rb": {
        "lines": [
          null,
          null,
          1,
          1,
          null,
          1,
          null,
          null
        ]
      },
      "/Users/davis/Desktop/Repositories/Indie-Land-api/app/presentation/responses/event_sessions.rb": {
        "lines": [
          null,
          null,
          1,
          1,
          null,
          1,
          null,
          null,
          null,
          null,
          null,
          null,
          null,
          null,
          null,
          null
        ]
      },
      "/Users/davis/Desktop/Repositories/Indie-Land-api/app/presentation/responses/openstruct_with_links.rb": {
        "lines": [
          null,
          null,
          1,
          1,
          null,
          null,
          1,
          1,
          null,
          null,
          null
        ]
      },
      "/Users/davis/Desktop/Repositories/Indie-Land-api/app/presentation/responses/range_events.rb": {
        "lines": [
          null,
          null,
          1,
          1,
          null,
          1,
          null,
          null
        ]
      },
      "/Users/davis/Desktop/Repositories/Indie-Land-api/app/presentation/responses/session.rb": {
        "lines": [
          null,
          null,
          1,
          1,
          null,
          1,
          null,
          null,
          null,
          null,
          null,
          null,
          null,
          null,
          null,
          null
        ]
      },
      "/Users/davis/Desktop/Repositories/Indie-Land-api/app/presentation/representers/init.rb": {
        "lines": [
          null,
          null,
          1,
          7,
          null
        ]
      },
      "/Users/davis/Desktop/Repositories/Indie-Land-api/app/presentation/representers/daily_events_representer.rb": {
        "lines": [
          null,
          null,
          1,
          1,
          null,
          1,
          null,
          null,
          1,
          1,
          null,
          1,
          1,
          null,
          1,
          1,
          null,
          null,
          null
        ]
      },
      "/Users/davis/Desktop/Repositories/Indie-Land-api/app/presentation/representers/event_representer.rb": {
        "lines": [
          null,
          null,
          1,
          1,
          null,
          null,
          1,
          1,
          null,
          1,
          1,
          1,
          1,
          null,
          1,
          1,
          1,
          null,
          1,
          6,
          null,
          null,
          1,
          null,
          1,
          6,
          null,
          null,
          1,
          6,
          null,
          null,
          null,
          null
        ]
      },
      "/Users/davis/Desktop/Repositories/Indie-Land-api/app/presentation/representers/event_sessions_representer.rb": {
        "lines": [
          null,
          null,
          1,
          1,
          null,
          1,
          null,
          1,
          1,
          null,
          1,
          1,
          null,
          1,
          1,
          1,
          1,
          1,
          1,
          1,
          null,
          null,
          null
        ]
      },
      "/Users/davis/Desktop/Repositories/Indie-Land-api/app/presentation/representers/session_representer.rb": {
        "lines": [
          null,
          null,
          1,
          1,
          null,
          1,
          1,
          null,
          1,
          1,
          null,
          1,
          1,
          1,
          1,
          1,
          1,
          1,
          null,
          null,
          null
        ]
      },
      "/Users/davis/Desktop/Repositories/Indie-Land-api/app/presentation/representers/http_response_representer.rb": {
        "lines": [
          null,
          null,
          1,
          1,
          null,
          1,
          1,
          null,
          null,
          null,
          null,
          null,
          1,
          1,
          null,
          1,
          1,
          null,
          1,
          null,
          null,
          null,
          null,
          null,
          null,
          null,
          null,
          null,
          null,
          null,
          null,
          null,
          null,
          1,
          4,
          null,
          null,
          null,
          null
        ]
      },
      "/Users/davis/Desktop/Repositories/Indie-Land-api/app/presentation/representers/range_events_representer.rb": {
        "lines": [
          null,
          null,
          1,
          1,
          null,
          1,
          null,
          1,
          1,
          null,
          1,
          1,
          null,
          1,
          null,
          null,
          null
        ]
      },
      "/Users/davis/Desktop/Repositories/Indie-Land-api/app/application/init.rb": {
        "lines": [
          null,
          null,
          1,
          1,
          3,
          null
        ]
      },
      "/Users/davis/Desktop/Repositories/Indie-Land-api/app/application/requests/init.rb": {
        "lines": [
          null,
          null,
          1,
          2,
          null
        ]
      },
      "/Users/davis/Desktop/Repositories/Indie-Land-api/app/application/requests/event.rb": {
        "lines": [
          null,
          null,
          1,
          1,
          null,
          1,
          1,
          2,
          2,
          null,
          null,
          1,
          null,
          null,
          null
        ]
      },
      "/Users/davis/Desktop/Repositories/Indie-Land-api/app/application/controllers/init.rb": {
        "lines": [
          null,
          null,
          1,
          2,
          null,
          null,
          null,
          null,
          null,
          null
        ]
      },
      "/Users/davis/Desktop/Repositories/Indie-Land-api/app/application/controllers/app.rb": {
        "lines": [
          null,
          null,
          1,
          1,
          1,
          null,
          null,
          1,
          null,
          1,
          1,
          null,
          1,
          1,
          1,
          1,
          null,
          null,
          1,
          null,
          4,
          null,
          null,
          4,
          1,
          null,
          1,
          null,
          null,
          null,
          1,
          null,
          1,
          null,
          null,
          3,
          3,
          3,
          1,
          null,
          null,
          1,
          1,
          0,
          0,
          null,
          null,
          1,
          1,
          null,
          1,
          null,
          null,
          2,
          2,
          2,
          0,
          0,
          null,
          null,
          2,
          2,
          null,
          2,
          null,
          null,
          null,
          null,
          null,
          null,
          null
        ]
      },
      "/Users/davis/Desktop/Repositories/Indie-Land-api/app/application/services/init.rb": {
        "lines": [
          null,
          null,
          1,
          4,
          null
        ]
      },
      "/Users/davis/Desktop/Repositories/Indie-Land-api/app/application/services/event_sessions.rb": {
        "lines": [
          null,
          null,
          1,
          null,
          1,
          1,
          null,
          null,
          null,
          null,
          null,
          null,
          null,
          1,
          1,
          null,
          null,
          1,
          null,
          1,
          null,
          1,
          1,
          1,
          null,
          null,
          null,
          null,
          null,
          null,
          null,
          null,
          null,
          null,
          1,
          2,
          2,
          2,
          2,
          null,
          0,
          0,
          null,
          null,
          1,
          2,
          null,
          2,
          null,
          null,
          null,
          null,
          null,
          null,
          null,
          null,
          null,
          null,
          1,
          null,
          2,
          2,
          null,
          null,
          null,
          null,
          null,
          null,
          null,
          null
        ]
      },
      "/Users/davis/Desktop/Repositories/Indie-Land-api/app/application/services/list_events.rb": {
        "lines": [
          null,
          null,
          1,
          null,
          1,
          1,
          null,
          null,
          null,
          null,
          null,
          null,
          null,
          1,
          1,
          null,
          1,
          1,
          1,
          null,
          1,
          null,
          1,
          1,
          1,
          null,
          1,
          4,
          4,
          4,
          null,
          0,
          0,
          null,
          null,
          1,
          4,
          4,
          null,
          4,
          null,
          0,
          0,
          null,
          null,
          1,
          4,
          4,
          null,
          4,
          4,
          null,
          4,
          null,
          null,
          0,
          0,
          null,
          null,
          1,
          4,
          null,
          4,
          12,
          12,
          null,
          null,
          null,
          1,
          12,
          12,
          null,
          null,
          null,
          null,
          null
        ]
      },
      "/Users/davis/Desktop/Repositories/Indie-Land-api/app/application/services/track_user.rb": {
        "lines": [
          null,
          null,
          1,
          null,
          1,
          1,
          null,
          null,
          null,
          null,
          null,
          1,
          1,
          null,
          1,
          0,
          0,
          null,
          0,
          0,
          0,
          null,
          0,
          0,
          null,
          null,
          1,
          null,
          1,
          0,
          0,
          null,
          0,
          null,
          null,
          null,
          null,
          null
        ]
      },
      "/Users/davis/Desktop/Repositories/Indie-Land-api/spec/helpers/vcr_helper.rb": {
        "lines": [
          null,
          null,
          1,
          1,
          null,
          null,
          1,
          1,
          1,
          null,
          1,
          4,
          4,
          4,
          4,
          null,
          null,
          null,
          null,
          1,
          14,
          null,
          null,
          null,
          null,
          null,
          1,
          14,
          null,
          null
        ]
      },
      "/Users/davis/Desktop/Repositories/Indie-Land-api/spec/helpers/database_helper.rb": {
        "lines": [
          null,
          null,
          1,
          null,
          null,
          1,
          1,
          4,
          4,
          4,
          null,
          null,
          1,
          8,
          8,
          8,
          8,
          null,
          null
        ]
      },
      "/Users/davis/Desktop/Repositories/Indie-Land-api/spec/test_integration/entities_spec.rb": {
        "lines": [
          null,
          null,
          1,
          null,
          1,
          1,
          1,
          1,
          1,
          1,
          null,
          null,
          null,
          null,
          null,
          null,
          null,
          null,
          null,
          null,
          null,
          1,
          1,
          1,
          null,
          null,
          null,
          null,
          null,
          null,
          null,
          null,
          0,
          null,
          null,
          null,
          null,
          null,
          null,
          null,
          null,
          null,
          null,
          null,
          null,
          1,
          1,
          1,
          null,
          null,
          null,
          null,
          null,
          null,
          null,
          null,
          null,
          1,
          1,
          1,
          1,
          1,
          1,
          1,
          1,
          null,
          null,
          null,
          null,
          1,
          1,
          3,
          null,
          null,
          null,
          null,
          null,
          null,
          null,
          null,
          null,
          null,
          1,
          1,
          1,
          1,
          null,
          null,
          null,
          null,
          null,
          null,
          null,
          null,
          null,
          null,
          null,
          null,
          1,
          1,
          1,
          null,
          null,
          null,
          null,
          null,
          null,
          null,
          null,
          null,
          0,
          null,
          null,
          null,
          null,
          null,
          null,
          null,
          null,
          null,
          0,
          null,
          null,
          null,
          null,
          null,
          null,
          null,
          null,
          null,
          0,
          null,
          null,
          null,
          null,
          null,
          null,
          null,
          null,
          null,
          0,
          null,
          null,
          null,
          null,
          null,
          null,
          null,
          null,
          null,
          null,
          null,
          null,
          null,
          1,
          1,
          1,
          null,
          null,
          null,
          null,
          null,
          null,
          null,
          null,
          null,
          1,
          null,
          1,
          1,
          1,
          1,
          1,
          1,
          1,
          1,
          null,
          null,
          null,
          null,
          1,
          1,
          1,
          1,
          1,
          null,
          null,
          null,
          null,
          0,
          null,
          null,
          null,
          null,
          null,
          null,
          null,
          null,
          1,
          1,
          1,
          4,
          4,
          null,
          null,
          1,
          1,
          1,
          null,
          null,
          1,
          1,
          null,
          null,
          1,
          1,
          null,
          null,
          1,
          1,
          1,
          null,
          1,
          null,
          1,
          1,
          null,
          null,
          null,
          null,
          null
        ]
      },
      "/Users/davis/Desktop/Repositories/Indie-Land-api/spec/test_integration/gateway_database_spec.rb": {
        "lines": [
          null,
          null,
          1,
          null,
          1,
          1,
          1,
          null,
          1,
          5,
          null,
          null,
          1,
          5,
          null,
          null,
          1,
          1,
          5,
          5,
          null,
          null,
          1,
          1,
          1,
          null,
          null,
          1,
          22,
          22,
          22,
          22,
          22,
          22,
          22,
          22,
          null,
          22,
          28,
          28,
          28,
          28,
          28,
          28,
          28,
          28,
          null,
          null,
          null,
          null,
          1,
          1,
          1,
          null,
          1,
          1,
          22,
          28,
          28,
          28,
          28,
          28,
          28,
          28,
          null,
          null,
          null,
          null,
          1,
          1,
          1,
          null,
          1,
          1,
          1,
          1,
          1,
          1,
          1,
          null,
          null,
          1,
          1,
          1,
          null,
          1,
          null,
          null,
          1,
          3,
          null,
          null,
          null,
          1,
          2,
          null,
          null,
          null,
          1,
          1,
          1,
          1,
          null,
          1,
          3,
          null,
          3,
          3,
          3,
          3,
          null,
          null,
          null,
          null,
          null,
          null
        ]
      },
      "/Users/davis/Desktop/Repositories/Indie-Land-api/spec/test_integration/mappers_spec.rb": {
        "lines": [
          null,
          null,
          1,
          null,
          null,
          1,
          1,
          1,
          null,
          1,
          3,
          null,
          null,
          1,
          3,
          null,
          null,
          1,
          1,
          3,
          null,
          null,
          1,
          1,
          null,
          null,
          1,
          1,
          22,
          null,
          null,
          null,
          1,
          1,
          22,
          28,
          null,
          null,
          null,
          null,
          null,
          null
        ]
      },
      "/Users/davis/Desktop/Repositories/Indie-Land-api/spec/test_unit/gateway_spec.rb": {
        "lines": [
          null,
          null,
          1,
          null,
          null,
          1,
          1,
          1,
          null,
          1,
          3,
          null,
          null,
          1,
          3,
          null,
          null,
          1,
          1,
          1,
          1,
          null,
          null,
          null,
          null,
          1,
          1,
          1,
          1,
          null,
          null,
          null,
          1,
          1,
          1,
          null,
          null,
          null,
          null,
          null
        ]
      }
    },
    "timestamp": 1607605398
  }
}
